{Caught unhandled Rejection at: ReferenceError: resBoard is not defined
    at D:\-js-\RSSchool-REST-service\src\resources\boards\board.router.js:17:33
    at processTicksAndRejections (internal/process/task_queues.js:97:5),"timestamp":2020-04-18T16:21:13.291Z}
{Caught unhandled Rejection at: ReferenceError: resBoard is not defined
    at D:\-js-\RSSchool-REST-service\src\resources\boards\board.router.js:17:33
    at processTicksAndRejections (internal/process/task_queues.js:97:5),"timestamp":2020-04-18T16:21:18.293Z}
{Caught unhandled Rejection at: ReferenceError: resBoard is not defined
    at D:\-js-\RSSchool-REST-service\src\resources\boards\board.router.js:17:33
    at processTicksAndRejections (internal/process/task_queues.js:97:5),"timestamp":2020-04-18T16:21:23.556Z}
{Caught unhandled Rejection at: TypeError: Task.create(...).exec is not a function
    at Object.saveTask (D:\-js-\RSSchool-REST-service\src\resources\tasks\task.db.repository.js:32:6)
    at Object.saveTask (D:\-js-\RSSchool-REST-service\src\resources\tasks\task.service.js:8:13)
    at D:\-js-\RSSchool-REST-service\src\resources\tasks\task.router.js:26:40
    at Layer.handle [as handle_request] (D:\-js-\RSSchool-REST-service\node_modules\express\lib\router\layer.js:95:5)
    at next (D:\-js-\RSSchool-REST-service\node_modules\express\lib\router\route.js:137:13)
    at next (D:\-js-\RSSchool-REST-service\node_modules\express\lib\router\route.js:131:14)
    at next (D:\-js-\RSSchool-REST-service\node_modules\express\lib\router\route.js:131:14)
    at Route.dispatch (D:\-js-\RSSchool-REST-service\node_modules\express\lib\router\route.js:112:3)
    at Layer.handle [as handle_request] (D:\-js-\RSSchool-REST-service\node_modules\express\lib\router\layer.js:95:5)
    at D:\-js-\RSSchool-REST-service\node_modules\express\lib\router\index.js:281:22
    at param (D:\-js-\RSSchool-REST-service\node_modules\express\lib\router\index.js:354:14)
    at param (D:\-js-\RSSchool-REST-service\node_modules\express\lib\router\index.js:365:14)
    at Function.process_params (D:\-js-\RSSchool-REST-service\node_modules\express\lib\router\index.js:410:3)
    at next (D:\-js-\RSSchool-REST-service\node_modules\express\lib\router\index.js:275:10)
    at Function.handle (D:\-js-\RSSchool-REST-service\node_modules\express\lib\router\index.js:174:3)
    at router (D:\-js-\RSSchool-REST-service\node_modules\express\lib\router\index.js:47:12),"timestamp":2020-04-19T07:11:05.541Z}
